0 11000000000000000000000000000000000000
0 11100000000000000000000000000000000000
0 11111111110000000000000000000000000000
0 11100001011000000000000000000000000000
0 11100001010000000000000000000000000000
1 11111111111111111111111111111111111111
0 11100001010000000000000000000000000000
0 11100001010100000000000000000000000000
0 11100001010000000000000000000000000000
0 11100001010010000000000000000000000000
0 11100001010001111111111111000000000000
0 11000000000000000000000000000000000000
0 00000000000000000000000000100000000000
0 00000000000000000000000000010000000000
0 00000000000000000000000000001000000000
0 00000000000000000000000000001100000000
0 00000000000000000000000000001000000000
0 00000000000000000000000000000011000000
0 00000000000000000000000000000011100000
0 00000000000000000000000000000011110000
0 00000000000000000000000000000011111000
0 00000000000000000000000000000000000100
0 00000000000000000000000000000000000010
0 00000000000000000000000000000000000001
2 11000000000000000000000000000000000000
0 00000000000000000000000000000000000001
2 01100000000000000000000000000000000000
0 00000000000000000000000000000000000001
2 00010000000000000000000000000000000000
2 00001000000000000000000000000000000000
2 00000100000000000000000000000000000000
2 00000111110000000000000000000000000000
2 00000100000000000000000000000000000000
2 00000000001000000000000000000000000000
2 00000000001100000000000000000000000000
2 00000000001110000000000000000000000000
2 00000000001100000000000000000000000000
2 00000000001000000000000000000000000000
2 00000000000001000000000000000000000000
2 00000000000000100000000000000000000000
2 00000000000000010000000000000000000000
2 00000000000000001000000000000000000000
2 00000000000000000100000000000000000000
2 00000000000000000110000000000000000000
2 00000000000000000111000000000000000000
2 00000000000000000111110000000000000000
2 00000000000000000111000000000000000000
2 00000000000000000111001100000000000000
2 00000000000000000111000000000000000000
2 00000000000000000111000011100000000000
2 00000000000000000111000000000000000000
2 00000000000000000110000000000000000000
2 00000000000000000100000000000000000000
2 00000000000000000000000000010000000000
2 00000000000000000000000000011000000000
2 00000000000000000000000000011111111110
2 00000000000000000000000000011000000010
3 11111111111111111111111111000000000000
2 00000000000000000000000000011000000011
2 00000000000000000000000000011000000010
3 00000000000000000000000111110000000000
2 00000000000000000000000000011000000010
2 00000000000000000000000000010000000000
3 00000000000000000000000000001000000000
3 00000000000000000000000000001100000000
3 00000000000000000000000000001110000000
3 00000000000000000000000000001100000000
3 00000000000000000000000000001101100000
3 00000000000000000000000000001100000000
3 00000000000000000000000000000000011000
3 00000000000000000000000000000000011110
3 00000000000000000000000000000000011000
3 00000000000000000000000000000000001000
4 11000000000000000000000000000000000000
4 11100000000000000000000000000000000000
4 11111111111000000000000000000000000000
4 11100000001000000000000000000000000000
4 11100000001100000000000000000000000000
4 11100000001000000000000000000000000000
4 11100000001010000000000000000000000000
5 11111111111111111111111111111111111100
4 11100000001000000000000000000000000000
4 11100000001001000000000000000000000000
4 11100000001000111111111111111100000000
3 00000000000000000000000000000000000001
4 00000000000000000000000000000011111100
6 11111111111100000000000000000000000000
4 00000000000000000000000000000011111100
4 00000000000000000000000000000011111110
4 00000000000000000000000000000011111100
4 00000000000000000000000000000011111101
6 00000111011110000000000000000000000000
4 00000000000000000000000000000011111100
4 00000000000000000000000000000000001100
3 00000000000000000000000000000000000001
5 00000000000000000000000000000000000011
6 00000000000001110000000000000000000000
5 00000000000000000000000000000000000011
6 00000000000000001000000000000000000000
6 00000000000000000100000000000000000000
6 00000000000000000010000000000000000000
6 00000000000000000011000000000000000000
6 00000000000000000011111100000000000000
6 00000000000000000011000011110000000000
6 00000000000000000011000000000000000000
6 00000000000000000010000000000000000000
6 00000000000000000010000000001110000000
6 00000000000000000010000000001111100000
6 00000000000000000010000000001110000000
6 00000000000000000010000000001110011000
6 00000000000000000010000000001110000000
6 00000000000000000010000000000000000000
6 00000000000000000010000000000000000100
6 00000000000000000010000000000000000110
6 00000000000000000010000000000000000100
6 00000000000000000010000000000000000101
6 00000000000000000010000000000000000100
7 11100000000000000000000000000000000000
6 00000000000000000010000000000000000100
7 01110000000000000000000000000000000000
6 00000000000000000010000000000000000100
6 00000000000000000010000000000000000000
7 00001100000000000000000000000000000000
7 00001111000000000000000000000000000000
7 00001100000000000000000000000000000000
7 00001100110000000000000000000000000000
7 00001100000000000000000000000000000000
7 00000100000000000000000000000000000000
7 00000100001000000000000000000000000000
7 00000100000000000000000000000000000000
7 00000100000111000000000000000000000000
7 00000100000000000000000000000000000000
7 00000000000000110000000000000000000000
7 00000000000000111000000000000000000000
7 00000000000000111100000000000000000000
7 00000000000000111000000000000000000000
7 00000000000000111010000000000000000000
7 00000000000000111000000000000000000000
7 00000000000000111001000000000000000000
7 00000000000000111000000000000000000000
7 00000000000000111000111000000000000000
7 00000000000000111000000000000000000000
7 00000000000000000000000100000000000000
7 00000000000000000000000110000000000000
7 00000000000000000000000111000000000000
7 00000000000000000000000110000000000000
7 00000000000000000000000110100000000000
7 00000000000000000000000110000000000000
7 00000000000000000000000110010000000000
7 00000000000000000000000110000000000000
7 00000000000000000000000110001000000000
7 00000000000000000000000100000000000000
7 00000000000000000000000100000100000000
7 00000000000000000000000100000000000000
7 00000000000000000000000100000010000000
7 00000000000000000000000100000000000000
7 00000000000000000000000100000001100000
7 00000000000000000000000100000000000000
7 00000000000000000000000000000000010000
8 11111111000000000000000000000000000000
7 00000000000000000000000000000000010000
7 00000000000000000000000000000000001100
7 00000000000000000000000000000000001111
8 00000000111111000000000000000000000000
7 00000000000000000000000000000000001111
7 00000000000000000000000000000000001100
8 00000000000000110000000000000000000000
8 00000000000000111000000000000000000000
8 00000000000000111111000000000000000000
8 00000000000000110000000000000000000000
8 00000000000000000000100000000000000000
8 00000000000000000000110000000000000000
8 00000000000000000000100000000000000000
8 00000000000000000000101100000000000000
8 00000000000000000000100000000000000000
8 00000000000000000000000010000000000000
9 11111111111111100000000000000000000000
8 00000000000000000000000011100000000000
8 00000000000000000000000011110000000000
8 00000000000000000000000011100000000000
8 00000000000000000000000011101000000000
8 00000000000000000000000011100000000000
8 00000000000000000000000011100110000000
8 00000000000000000000000011100000000000
8 00000000000000000000000011100001000000
8 00000000000000000000000011100000000000
8 00000000000000000000000011100000111000
8 00000000000000000000000011100000000000
8 00000000000000000000000011100000000100
8 00000000000000000000000011100000000000
9 00000000000011111111100000000000000000
8 00000000000000000000000011100000000000
9 00000000000011100000011110000000000000
8 00000000000000000000000011100000000000
8 00000000000000000000000010100000000000
8 00000000000000000000000010000000000000
8 00000000000000000000000000000000000010
8 00000000000000000000000000000000000011
9 00000000000000000000000001110000000000
8 00000000000000000000000000000000000011
9 00000000000000000000000000111110000000
8 00000000000000000000000000000000000011
9 00000000000000000000000000110001000000
9 00000000000000000000000000110001111000
9 00000000000000000000000000110001000000
9 00000000000000000000000000110001000100
9 00000000000000000000000000110001000000
8 00000000000000000000000000000000000011
8 00000000000000000000000000000000000010
9 00000000000000000000000000010000000010
9 00000000000000000000000000010000000011
9 00000000000000000000000000010000000010
10 11100000000000000000000000000000000000
9 00000000000000000000000000010000000010
10 01110000000000000000000000000000000000
9 00000000000000000000000000010000000010
10 01101000000000000000000000000000000000
9 00000000000000000000000000010000000010
10 01100100000000000000000000000000000000
10 01100110000000000000000000000000000000
10 01100100000000000000000000000000000000
10 01100101000000000000000000000000000000
10 01100100000000000000000000000000000000
8 00000000000000000000000000000000000010
10 00000000111000000000000000000000000000
10 00000000111111100000000000000000000000
10 00000000111111110000000000000000000000
10 00000000111111100000000000000000000000
10 00000000111111101110000000000000000000
10 00000000111111100000000000000000000000
10 00000000111000000000000000000000000000
10 00000000101000000000000000000000000000
10 00000000101000000001000000000000000000
10 00000000101000000001100000000000000000
10 00000000101000000001000000000000000000
10 00000000101000000000000000000000000000
10 00000000101000000000010000000000000000
10 00000000101000000000011111100000000000
10 00000000101000000000011111111110000000
10 00000000101000000000011111100000000000
10 00000000101000000000011111100001110000
10 00000000101000000000011111100000000000
10 00000000101000000000000000000000000000
10 00000000000000000000000000000000001000
10 00000000000000000000000000000000000100
10 00000000000000000000000000000000000110
10 00000000000000000000000000000000000100
10 00000000000000000000000000000000000001
11 11000000000000000000000000000000000000
10 00000000000000000000000000000000000001
11 01100000000000000000000000000000000000
10 00000000000000000000000000000000000001
11 01010000000000000000000000000000000000
10 00000000000000000000000000000000000001
11 00001110000000000000000000000000000000
11 00001111111111111100000000000000000000
11 00001110000000001100000000000000000000
11 00001110000000001111000000000000000000
11 00001110000000001100000000000000000000
12 11111111111111111111111111111110000000
11 00001110000000001100100000000000000000
11 00001110000000001100000000000000000000
11 00001110000000001100011111110000000000
11 00001110000000001100000000000000000000
11 00001110000000001100000000001000000000
11 00001110000000001100000000000110000000
11 00001110000000000100000000000000000000
11 00001110000000000000000000000000000000
11 00000000000000000000000000000001000000
11 00000000000000000000000000000001111000
11 00000000000000000000000000000001000000
11 00000000000000000000000000000000000110
11 00000000000000000000000000000000000111
11 00000000000000000000000000000000000110
12 00000000000000000000000000000001110000
11 00000000000000000000000000000000000110
12 00000000000000000000000000000000001000
12 00000000000000000000000000000000001110
12 00000000000000000000000000000000001111
12 00000000000000000000000000000000001110
13 11110000000000000000000000000000000000
12 00000000000000000000000000000000001110
13 01111100000000000000000000000000000000
12 00000000000000000000000000000000001110
13 00000011100000000000000000000000000000
13 00000011110000000000000000000000000000
13 00000011111000000000000000000000000000
13 00000011110000000000000000000000000000
13 00000011110100000000000000000000000000
13 00000011110000000000000000000000000000
13 00000000000011000000000000000000000000
13 00000000000011110000000000000000000000
13 00000000000011000000000000000000000000
13 00000000000011001110000000000000000000
13 00000000000011000000000000000000000000
13 00000000000011000001000000000000000000
13 00000000000011000001100000000000000000
13 00000000000011000001000000000000000000
13 00000000000011000001011000000000000000
13 00000000000011000001000000000000000000
13 00000000000000000000000100000000000000
13 00000000000000000000000111100000000000
13 00000000000000000000000111111111111000
13 00000000000000000000000111100000000000
13 00000000000000000000000100000000000100
14 11111100000000000000000000000000000000
13 00000000000000000000000100000000000100
13 00000000000000000000000100000000000110
14 00001111110000000000000000000000000000
13 00000000000000000000000100000000000000
14 00000000001100000000000000000000000000
14 00000000001111100000000000000000000000
14 00000000001100110000000000000000000000
14 00000000001100100000000000000000000000
14 00000000001100101111111111111100000000
14 00000000001100100000000000000000000000
14 00000000001100100000000000000010000000
14 00000000001100000000000000000000000000
14 00000000001100000000000000000001000000
14 00000000001100000000000000000001111110
14 00000000001100000000000000000001011110
15 11111111111111111111111110000000000000
14 00000000001100000000000000000001011110
14 00000000001100000000000000000000000000
